apr 27, 2020 11:25:47 PM application.LoginController Login
INFO: Kasutaja KatiAin logis sisse!
apr 27, 2020 11:41:05 PM application.LoginController Login
INFO: Kasutaja KatiAin logis sisse!
apr 27, 2020 11:42:16 PM application.Loogika muudaParooli
INFO: Kasutaja KatiAin parool vahetati.
apr 27, 2020 11:42:21 PM application.MainController LogOut
INFO: Kasutaja KatiAin logis välja.
apr 27, 2020 11:42:29 PM application.LoginController Login
INFO: Kasutaja KatiAin logis sisse!
apr 27, 2020 11:46:55 PM application.LoginController Login
INFO: Kasutaja KatiAin logis sisse!
apr 27, 2020 11:52:38 PM application.LoginController Login
INFO: Kasutaja KatiAin logis sisse!
apr 27, 2020 11:53:06 PM application.MainController LogOut
INFO: Kasutaja KatiAin logis välja.
apr 27, 2020 11:53:16 PM application.LoginController Login
INFO: Kasutaja KatiAin logis sisse!
apr 27, 2020 11:54:29 PM application.LoginController Login
INFO: Kasutaja KatiAin logis sisse!
apr 27, 2020 11:57:49 PM application.LoginController Login
INFO: Kasutaja KatiAin logis sisse!
apr 28, 2020 12:02:41 AM application.LoginController Login
INFO: Kasutaja MadisPeterson logis sisse!
mai 01, 2020 11:23:34 AM application.LoginController Login
INFO: Kasutaja KatiAin logis sisse!
mai 01, 2020 11:32:02 AM application.Loogika ülekanne
INFO: Kontolt EE230432304 tehti ülekanne kontole EE12412412452! Summa: 20.0.
mai 01, 2020 11:32:39 AM application.Loogika eemaldaKasutaja
INFO: Kasutaja Arnold eemaldati andmebaasist!
mai 01, 2020 11:32:57 AM application.Loogika eemaldaKasutaja
INFO: Kasutaja brettpeter eemaldati andmebaasist!
mai 01, 2020 11:36:30 AM application.Loogika lisaKasutaja
INFO: Kasutaja saanamaana lisati andmebaasi!
mai 01, 2020 11:37:03 AM application.Loogika lisaKasutaja
INFO: Kasutaja saanamaan lisati andmebaasi!
mai 01, 2020 11:37:34 AM application.MainController LogOut
INFO: Kasutaja KatiAin logis välja.
mai 01, 2020 11:38:26 AM application.LoginController Login
INFO: Kasutaja MadisPeterson logis sisse!
